<?xml version="1.0" encoding="UTF-8"?>
<testng-results ignored="0" total="1" passed="1" failed="0" skipped="0">
  <reporter-output>
  </reporter-output>
  <suite started-at="2021-07-19T20:44:23 IST" name="Default suite" finished-at="2021-07-19T20:45:56 IST" duration-ms="92679">
    <groups>
    </groups>
    <test started-at="2021-07-19T20:44:23 IST" name="Default test" finished-at="2021-07-19T20:45:56 IST" duration-ms="92679">
      <class name="com.datadriven.TripAdvisor.CalTripCost">
        <test-method signature="TestOne()[pri:0, instance:com.datadriven.TripAdvisor.CalTripCost@363ee3a2]" started-at="2021-07-19T20:44:23 IST" name="TestOne" finished-at="2021-07-19T20:45:56 IST" duration-ms="92591" status="PASS">
          <reporter-output>
          </reporter-output>
        </test-method> <!-- TestOne -->
      </class> <!-- com.datadriven.TripAdvisor.CalTripCost -->
    </test> <!-- Default test -->
  </suite> <!-- Default suite -->
</testng-results>
